0 info it worked if it ends with ok
1 verbose cli [ '/usr/bin/nodejs', '/usr/bin/npm', 'install', '-g', 'scss' ]
2 info using npm@3.10.10
3 info using node@v6.10.1
4 silly loadCurrentTree Starting
5 silly install loadCurrentTree
6 silly install readGlobalPackageData
7 silly fetchPackageMetaData scss
8 silly fetchNamedPackageData scss
9 silly mapToRegistry name scss
10 silly mapToRegistry using default registry
11 silly mapToRegistry registry https://registry.npmjs.org/
12 silly mapToRegistry data Result {
12 silly mapToRegistry   raw: 'scss',
12 silly mapToRegistry   scope: null,
12 silly mapToRegistry   escapedName: 'scss',
12 silly mapToRegistry   name: 'scss',
12 silly mapToRegistry   rawSpec: '',
12 silly mapToRegistry   spec: 'latest',
12 silly mapToRegistry   type: 'tag' }
13 silly mapToRegistry uri https://registry.npmjs.org/scss
14 verbose request uri https://registry.npmjs.org/scss
15 verbose request no auth needed
16 info attempt registry request try #1 at 4:48:48 PM
17 verbose request id 511b8409113871e9
18 http request GET https://registry.npmjs.org/scss
19 http 200 https://registry.npmjs.org/scss
20 verbose headers { server: 'nginx/1.10.1',
20 verbose headers   'content-type': 'application/json',
20 verbose headers   'last-modified': 'Tue, 07 Feb 2017 11:22:26 GMT',
20 verbose headers   etag: 'W/"5899adf2-11df"',
20 verbose headers   'content-encoding': 'gzip',
20 verbose headers   'cache-control': 'max-age=300',
20 verbose headers   'content-length': '905',
20 verbose headers   'accept-ranges': 'bytes',
20 verbose headers   date: 'Fri, 24 Mar 2017 23:48:48 GMT',
20 verbose headers   via: '1.1 varnish',
20 verbose headers   age: '0',
20 verbose headers   connection: 'keep-alive',
20 verbose headers   'x-served-by': 'cache-lax8629-LAX',
20 verbose headers   'x-cache': 'MISS',
20 verbose headers   'x-cache-hits': '0',
20 verbose headers   'x-timer': 'S1490399328.150422,VS0,VE40',
20 verbose headers   vary: 'Accept-Encoding' }
21 silly get cb [ 200,
21 silly get   { server: 'nginx/1.10.1',
21 silly get     'content-type': 'application/json',
21 silly get     'last-modified': 'Tue, 07 Feb 2017 11:22:26 GMT',
21 silly get     etag: 'W/"5899adf2-11df"',
21 silly get     'content-encoding': 'gzip',
21 silly get     'cache-control': 'max-age=300',
21 silly get     'content-length': '905',
21 silly get     'accept-ranges': 'bytes',
21 silly get     date: 'Fri, 24 Mar 2017 23:48:48 GMT',
21 silly get     via: '1.1 varnish',
21 silly get     age: '0',
21 silly get     connection: 'keep-alive',
21 silly get     'x-served-by': 'cache-lax8629-LAX',
21 silly get     'x-cache': 'MISS',
21 silly get     'x-cache-hits': '0',
21 silly get     'x-timer': 'S1490399328.150422,VS0,VE40',
21 silly get     vary: 'Accept-Encoding' } ]
22 verbose get saving scss to /home/jen/.npm/registry.npmjs.org/scss/.cache.json
23 verbose correctMkdir /home/jen/.npm correctMkdir not in flight; initializing
24 silly install normalizeTree
25 silly loadCurrentTree Finishing
26 silly loadIdealTree Starting
27 silly install loadIdealTree
28 silly cloneCurrentTree Starting
29 silly install cloneCurrentTreeToIdealTree
30 silly cloneCurrentTree Finishing
31 silly loadShrinkwrap Starting
32 silly install loadShrinkwrap
33 silly loadShrinkwrap Finishing
34 silly loadAllDepsIntoIdealTree Starting
35 silly install loadAllDepsIntoIdealTree
36 silly resolveWithNewModule scss@0.2.4 checking installable status
37 silly cache add args [ 'scss', null ]
38 verbose cache add spec scss
39 silly cache add parsed spec Result {
39 silly cache add   raw: 'scss',
39 silly cache add   scope: null,
39 silly cache add   escapedName: 'scss',
39 silly cache add   name: 'scss',
39 silly cache add   rawSpec: '',
39 silly cache add   spec: 'latest',
39 silly cache add   type: 'tag' }
40 silly addNamed scss@latest
41 verbose addNamed "latest" is being treated as a dist-tag for scss
42 info addNameTag [ 'scss', 'latest' ]
43 silly mapToRegistry name scss
44 silly mapToRegistry using default registry
45 silly mapToRegistry registry https://registry.npmjs.org/
46 silly mapToRegistry data Result {
46 silly mapToRegistry   raw: 'scss',
46 silly mapToRegistry   scope: null,
46 silly mapToRegistry   escapedName: 'scss',
46 silly mapToRegistry   name: 'scss',
46 silly mapToRegistry   rawSpec: '',
46 silly mapToRegistry   spec: 'latest',
46 silly mapToRegistry   type: 'tag' }
47 silly mapToRegistry uri https://registry.npmjs.org/scss
48 verbose addNameTag registry:https://registry.npmjs.org/scss not in flight; fetching
49 verbose get https://registry.npmjs.org/scss not expired, no request
50 silly addNameTag next cb for scss with tag latest
51 silly addNamed scss@0.2.4
52 verbose addNamed "0.2.4" is a plain semver version for scss
53 silly mapToRegistry name scss
54 silly mapToRegistry using default registry
55 silly mapToRegistry registry https://registry.npmjs.org/
56 silly mapToRegistry data Result {
56 silly mapToRegistry   raw: 'scss',
56 silly mapToRegistry   scope: null,
56 silly mapToRegistry   escapedName: 'scss',
56 silly mapToRegistry   name: 'scss',
56 silly mapToRegistry   rawSpec: '',
56 silly mapToRegistry   spec: 'latest',
56 silly mapToRegistry   type: 'tag' }
57 silly mapToRegistry uri https://registry.npmjs.org/scss
58 verbose addRemoteTarball https://registry.npmjs.org/scss/-/scss-0.2.4.tgz not in flight; adding
59 verbose addRemoteTarball [ 'https://registry.npmjs.org/scss/-/scss-0.2.4.tgz',
59 verbose addRemoteTarball   '040d903ed37c5d4fa4ad33ae1fd389ac12a4e065' ]
60 info retry fetch attempt 1 at 4:48:48 PM
61 info attempt registry request try #1 at 4:48:48 PM
62 http fetch GET https://registry.npmjs.org/scss/-/scss-0.2.4.tgz
63 http fetch 200 https://registry.npmjs.org/scss/-/scss-0.2.4.tgz
64 silly fetchAndShaCheck shasum 040d903ed37c5d4fa4ad33ae1fd389ac12a4e065
65 verbose addTmpTarball /tmp/npm-22570-61f54574/registry.npmjs.org/scss/-/scss-0.2.4.tgz not in flight; adding
66 verbose addTmpTarball already have metadata; skipping unpack for scss@0.2.4
67 verbose correctMkdir /home/jen/.npm correctMkdir not in flight; initializing
68 silly cache afterAdd scss@0.2.4
69 verbose afterAdd /home/jen/.npm/scss/0.2.4/package/package.json not in flight; writing
70 verbose correctMkdir /home/jen/.npm correctMkdir not in flight; initializing
71 verbose afterAdd /home/jen/.npm/scss/0.2.4/package/package.json written
72 silly fetchNamedPackageData ometa
73 silly mapToRegistry name ometa
74 silly mapToRegistry using default registry
75 silly mapToRegistry registry https://registry.npmjs.org/
76 silly mapToRegistry data Result {
76 silly mapToRegistry   raw: 'ometa',
76 silly mapToRegistry   scope: null,
76 silly mapToRegistry   escapedName: 'ometa',
76 silly mapToRegistry   name: 'ometa',
76 silly mapToRegistry   rawSpec: '',
76 silly mapToRegistry   spec: 'latest',
76 silly mapToRegistry   type: 'tag' }
77 silly mapToRegistry uri https://registry.npmjs.org/ometa
78 verbose request uri https://registry.npmjs.org/ometa
79 verbose request no auth needed
80 info attempt registry request try #1 at 4:48:48 PM
81 http request GET https://registry.npmjs.org/ometa
82 http 200 https://registry.npmjs.org/ometa
83 verbose headers { server: 'nginx/1.10.1',
83 verbose headers   'content-type': 'application/json',
83 verbose headers   'last-modified': 'Tue, 06 Dec 2011 17:24:11 GMT',
83 verbose headers   etag: 'W/"4ede4fbb-aa7"',
83 verbose headers   'content-encoding': 'gzip',
83 verbose headers   'cache-control': 'max-age=300',
83 verbose headers   'content-length': '699',
83 verbose headers   'accept-ranges': 'bytes',
83 verbose headers   date: 'Fri, 24 Mar 2017 23:48:48 GMT',
83 verbose headers   via: '1.1 varnish',
83 verbose headers   age: '0',
83 verbose headers   connection: 'keep-alive',
83 verbose headers   'x-served-by': 'cache-lax8629-LAX',
83 verbose headers   'x-cache': 'MISS',
83 verbose headers   'x-cache-hits': '0',
83 verbose headers   'x-timer': 'S1490399328.274096,VS0,VE73',
83 verbose headers   vary: 'Accept-Encoding' }
84 silly get cb [ 200,
84 silly get   { server: 'nginx/1.10.1',
84 silly get     'content-type': 'application/json',
84 silly get     'last-modified': 'Tue, 06 Dec 2011 17:24:11 GMT',
84 silly get     etag: 'W/"4ede4fbb-aa7"',
84 silly get     'content-encoding': 'gzip',
84 silly get     'cache-control': 'max-age=300',
84 silly get     'content-length': '699',
84 silly get     'accept-ranges': 'bytes',
84 silly get     date: 'Fri, 24 Mar 2017 23:48:48 GMT',
84 silly get     via: '1.1 varnish',
84 silly get     age: '0',
84 silly get     connection: 'keep-alive',
84 silly get     'x-served-by': 'cache-lax8629-LAX',
84 silly get     'x-cache': 'MISS',
84 silly get     'x-cache-hits': '0',
84 silly get     'x-timer': 'S1490399328.274096,VS0,VE73',
84 silly get     vary: 'Accept-Encoding' } ]
85 verbose get saving ometa to /home/jen/.npm/registry.npmjs.org/ometa/.cache.json
86 verbose correctMkdir /home/jen/.npm correctMkdir not in flight; initializing
87 silly resolveWithNewModule ometa@0.2.2 checking installable status
88 silly cache add args [ 'ometa@0.2.2', null ]
89 verbose cache add spec ometa@0.2.2
90 silly cache add parsed spec Result {
90 silly cache add   raw: 'ometa@0.2.2',
90 silly cache add   scope: null,
90 silly cache add   escapedName: 'ometa',
90 silly cache add   name: 'ometa',
90 silly cache add   rawSpec: '0.2.2',
90 silly cache add   spec: '0.2.2',
90 silly cache add   type: 'version' }
91 silly addNamed ometa@0.2.2
92 verbose addNamed "0.2.2" is a plain semver version for ometa
93 silly mapToRegistry name ometa
94 silly mapToRegistry using default registry
95 silly mapToRegistry registry https://registry.npmjs.org/
96 silly mapToRegistry data Result {
96 silly mapToRegistry   raw: 'ometa',
96 silly mapToRegistry   scope: null,
96 silly mapToRegistry   escapedName: 'ometa',
96 silly mapToRegistry   name: 'ometa',
96 silly mapToRegistry   rawSpec: '',
96 silly mapToRegistry   spec: 'latest',
96 silly mapToRegistry   type: 'tag' }
97 silly mapToRegistry uri https://registry.npmjs.org/ometa
98 verbose addNameVersion registry:https://registry.npmjs.org/ometa not in flight; fetching
99 verbose get https://registry.npmjs.org/ometa not expired, no request
100 silly mapToRegistry name ometa
101 silly mapToRegistry using default registry
102 silly mapToRegistry registry https://registry.npmjs.org/
103 silly mapToRegistry data Result {
103 silly mapToRegistry   raw: 'ometa',
103 silly mapToRegistry   scope: null,
103 silly mapToRegistry   escapedName: 'ometa',
103 silly mapToRegistry   name: 'ometa',
103 silly mapToRegistry   rawSpec: '',
103 silly mapToRegistry   spec: 'latest',
103 silly mapToRegistry   type: 'tag' }
104 silly mapToRegistry uri https://registry.npmjs.org/ometa
105 verbose addRemoteTarball https://registry.npmjs.org/ometa/-/ometa-0.2.2.tgz not in flight; adding
106 verbose addRemoteTarball [ 'https://registry.npmjs.org/ometa/-/ometa-0.2.2.tgz',
106 verbose addRemoteTarball   'f53c4735ba6d56af5a46b04dfb7c4334c596d44e' ]
107 info retry fetch attempt 1 at 4:48:48 PM
108 info attempt registry request try #1 at 4:48:48 PM
109 http fetch GET https://registry.npmjs.org/ometa/-/ometa-0.2.2.tgz
110 http fetch 200 https://registry.npmjs.org/ometa/-/ometa-0.2.2.tgz
111 silly fetchAndShaCheck shasum f53c4735ba6d56af5a46b04dfb7c4334c596d44e
112 verbose addTmpTarball /tmp/npm-22570-61f54574/registry.npmjs.org/ometa/-/ometa-0.2.2.tgz not in flight; adding
113 verbose addTmpTarball already have metadata; skipping unpack for ometa@0.2.2
114 verbose correctMkdir /home/jen/.npm correctMkdir not in flight; initializing
115 silly cache afterAdd ometa@0.2.2
116 verbose afterAdd /home/jen/.npm/ometa/0.2.2/package/package.json not in flight; writing
117 verbose correctMkdir /home/jen/.npm correctMkdir not in flight; initializing
118 verbose afterAdd /home/jen/.npm/ometa/0.2.2/package/package.json written
119 silly loadAllDepsIntoIdealTree Finishing
120 silly loadIdealTree Finishing
121 silly currentTree lib
122 silly idealTree lib
122 silly idealTree └─┬ scss@0.2.4
122 silly idealTree   └── ometa@0.2.2
123 silly generateActionsToTake Starting
124 silly install generateActionsToTake
125 warn checkPermissions Missing write access to /usr/lib/node_modules
126 silly rollbackFailedOptional Starting
127 silly rollbackFailedOptional Finishing
128 silly runTopLevelLifecycles Finishing
129 silly install printInstalled
130 verbose stack Error: EACCES: permission denied, access '/usr/lib/node_modules'
130 verbose stack     at Error (native)
131 verbose cwd /home/jen/Documents/Dev/React
132 error Linux 4.4.0-53-generic
133 error argv "/usr/bin/nodejs" "/usr/bin/npm" "install" "-g" "scss"
134 error node v6.10.1
135 error npm  v3.10.10
136 error path /usr/lib/node_modules
137 error code EACCES
138 error errno -13
139 error syscall access
140 error Error: EACCES: permission denied, access '/usr/lib/node_modules'
140 error     at Error (native)
140 error  { Error: EACCES: permission denied, access '/usr/lib/node_modules'
140 error     at Error (native)
140 error   errno: -13,
140 error   code: 'EACCES',
140 error   syscall: 'access',
140 error   path: '/usr/lib/node_modules' }
141 error Please try running this command again as root/Administrator.
142 verbose exit [ -13, true ]
